#
# There is insufficient memory for the Java Runtime Environment to continue.
# Native memory allocation (mmap) failed to map 255852544 bytes. Error detail: G1 virtual space
# Possible reasons:
#   The system is out of physical RAM or swap space
#   This process is running with CompressedOops enabled, and the Java Heap may be blocking the growth of the native heap
# Possible solutions:
#   Reduce memory load on the system
#   Increase physical memory or swap space
#   Check if swap backing store is full
#   Decrease Java heap size (-Xmx/-Xms)
#   Decrease number of Java threads
#   Decrease Java thread stack sizes (-Xss)
#   Set larger code cache with -XX:ReservedCodeCacheSize=
#   JVM is running with Zero Based Compressed Oops mode in which the Java heap is
#     placed in the first 32GB address space. The Java Heap base address is the
#     maximum limit for the native heap growth. Please use -XX:HeapBaseMinAddress
#     to set the Java Heap base and to place the Java Heap above 32GB virtual address.
# This output file may be truncated or incomplete.
#
#  Out of Memory Error (os_windows.cpp:3828), pid=2112, tid=19696
#
# JRE version:  (21.0.5) (build )
# Java VM: OpenJDK 64-Bit Server VM (21.0.5+-12932927-b750.29, mixed mode, sharing, tiered, compressed oops, compressed class ptrs, g1 gc, windows-amd64)
# No core dump will be written. Minidumps are not enabled by default on client versions of Windows
#

---------------  S U M M A R Y ------------

Command Line: org.jetbrains.kotlin.cli.jvm.K2JVMCompiler @D:\College courses\Android Studio\BTL_V2\clothing_store_app\app\build\20250411_17127452787854765190.compiler.options

Host: AMD Ryzen 7 6800H with Radeon Graphics         , 16 cores, 15G,  Windows 11 , 64 bit Build 26100 (10.0.26100.3775)
Time: Fri Apr 11 22:14:54 2025 SE Asia Standard Time elapsed time: 2.036814 seconds (0d 0h 0m 2s)

---------------  T H R E A D  ---------------

Current thread (0x00000182820a9100):  JavaThread "Unknown thread" [_thread_in_vm, id=19696, stack(0x0000007a99e00000,0x0000007a99f00000) (1024K)]

Stack: [0x0000007a99e00000,0x0000007a99f00000]
Native frames: (J=compiled Java code, j=interpreted, Vv=VM code, C=native code)
V  [jvm.dll+0x6cfb29]
V  [jvm.dll+0x85ded3]
V  [jvm.dll+0x86042e]
V  [jvm.dll+0x860b13]
V  [jvm.dll+0x27e6b6]
V  [jvm.dll+0x6cc385]
V  [jvm.dll+0x6c078a]
V  [jvm.dll+0x35525b]
V  [jvm.dll+0x35ceb6]
V  [jvm.dll+0x3aedd6]
V  [jvm.dll+0x3af0a8]
V  [jvm.dll+0x32792c]
V  [jvm.dll+0x32861b]
V  [jvm.dll+0x825919]
V  [jvm.dll+0x3bbfa8]
V  [jvm.dll+0x80ec88]
V  [jvm.dll+0x45015e]
V  [jvm.dll+0x4518c1]
C  [jli.dll+0x52ab]
C  [ucrtbase.dll+0x37b0]
C  [KERNEL32.DLL+0x2e8d7]
C  [ntdll.dll+0xb14fc]


---------------  P R O C E S S  ---------------

Threads class SMR info:
_java_thread_list=0x00007ffa72da0808, length=0, elements={
}

Java Threads: ( => current thread )
Total: 0

Other Threads:
  0x000001828210dc40 WorkerThread "GC Thread#0"                     [id=2780, stack(0x0000007a99f00000,0x0000007a9a000000) (1024K)]
  0x000001828211df00 ConcurrentGCThread "G1 Main Marker"            [id=22108, stack(0x0000007a9a000000,0x0000007a9a100000) (1024K)]
  0x0000018282120600 WorkerThread "G1 Conc#0"                       [id=22752, stack(0x0000007a9a100000,0x0000007a9a200000) (1024K)]

[error occurred during error reporting (printing all threads), id 0xc0000005, EXCEPTION_ACCESS_VIOLATION (0xc0000005) at pc=0x00007ffa7259a967]
VM state: not at safepoint (not fully initialized)

VM Mutex/Monitor currently owned by a thread:  ([mutex/lock_event])
[0x00007ffa72e0d460] Heap_lock - owner thread: 0x00000182820a9100

Heap address: 0x000000070c200000, size: 3902 MB, Compressed Oops mode: Zero based, Oop shift amount: 3

CDS archive(s) mapped at: [0x0000000000000000-0x0000000000000000-0x0000000000000000), size 0, SharedBaseAddress: 0x0000000800000000, ArchiveRelocationMode: 1.
Narrow klass base: 0x0000000000000000, Narrow klass shift: 0, Narrow klass range: 0x0

GC Precious Log:
 CardTable entry size: 512
 Card Set container configuration: InlinePtr #cards 4 size 8 Array Of Cards #cards 16 size 48 Howl #buckets 8 coarsen threshold 3686 Howl Bitmap #cards 512 size 80 coarsen threshold 460 Card regions per heap region 1 cards per card region 4096

Heap:
 garbage-first heap   total 0K, used 0K [0x000000070c200000, 0x0000000800000000)
  region size 2048K, 0 young (0K), 0 survivors (0K)
 Metaspace       used 0K, committed 0K, reserved 0K
  class space    used 0K, committed 0K, reserved 0K

Heap Regions: E=young(eden), S=young(survivor), O=old, HS=humongous(starts), HC=humongous(continues), CS=collection set, F=free, TAMS=top-at-mark-start, PB=parsable bottom

Card table byte_map: [0x0000018295230000,0x00000182959d0000] _byte_map_base: 0x00000182919cf000

Marking Bits: (CMBitMap*) 0x000001828210e250
 Bits: [0x00000182959d0000, 0x00000182996c8000)

GC Heap History (0 events):
No events

Dll operation events (1 events):
Event: 0.006 Loaded shared library D:\College courses\Android Studio\Android Studio\jbr\bin\java.dll

Deoptimization events (0 events):
No events

Classes loaded (0 events):
No events

Classes unloaded (0 events):
No events

Classes redefined (0 events):
No events

Internal exceptions (0 events):
No events

ZGC Phase Switch (0 events):
No events

VM Operations (0 events):
No events

Memory protections (0 events):
No events

Nmethod flushes (0 events):
No events

Events (0 events):
No events


Dynamic libraries:
0x00007ff7cecf0000 - 0x00007ff7cecfa000 	D:\College courses\Android Studio\Android Studio\jbr\bin\java.exe
0x00007ffae71a0000 - 0x00007ffae7400000 	C:\WINDOWS\SYSTEM32\ntdll.dll
0x00007ffae5e30000 - 0x00007ffae5ef7000 	C:\WINDOWS\System32\KERNEL32.DLL
0x00007ffae4bd0000 - 0x00007ffae4f9a000 	C:\WINDOWS\System32\KERNELBASE.dll
0x00007ffae4860000 - 0x00007ffae49ab000 	C:\WINDOWS\System32\ucrtbase.dll
0x00007ffa72230000 - 0x00007ffa7224b000 	D:\College courses\Android Studio\Android Studio\jbr\bin\VCRUNTIME140.dll
0x00007ffadf1a0000 - 0x00007ffadf1b8000 	D:\College courses\Android Studio\Android Studio\jbr\bin\jli.dll
0x00007ffae5bd0000 - 0x00007ffae5d9c000 	C:\WINDOWS\System32\USER32.dll
0x00007ffacc010000 - 0x00007ffacc2a7000 	C:\WINDOWS\WinSxS\amd64_microsoft.windows.common-controls_6595b64144ccf1df_6.0.26100.3624_none_3e086962e3345f24\COMCTL32.dll
0x00007ffae4440000 - 0x00007ffae4467000 	C:\WINDOWS\System32\win32u.dll
0x00007ffae58e0000 - 0x00007ffae5989000 	C:\WINDOWS\System32\msvcrt.dll
0x00007ffae6d60000 - 0x00007ffae6d8a000 	C:\WINDOWS\System32\GDI32.dll
0x00007ffae4470000 - 0x00007ffae45a1000 	C:\WINDOWS\System32\gdi32full.dll
0x00007ffae49b0000 - 0x00007ffae4a53000 	C:\WINDOWS\System32\msvcp_win.dll
0x00007ffae6120000 - 0x00007ffae614f000 	C:\WINDOWS\System32\IMM32.DLL
0x00007ffa72250000 - 0x00007ffa7225c000 	D:\College courses\Android Studio\Android Studio\jbr\bin\vcruntime140_1.dll
0x00007ffaaf530000 - 0x00007ffaaf5bd000 	D:\College courses\Android Studio\Android Studio\jbr\bin\msvcp140.dll
0x00007ffa72260000 - 0x00007ffa72eea000 	D:\College courses\Android Studio\Android Studio\jbr\bin\server\jvm.dll
0x00007ffae6d90000 - 0x00007ffae6e42000 	C:\WINDOWS\System32\ADVAPI32.dll
0x00007ffae66e0000 - 0x00007ffae6786000 	C:\WINDOWS\System32\sechost.dll
0x00007ffae6e50000 - 0x00007ffae6f66000 	C:\WINDOWS\System32\RPCRT4.dll
0x00007ffae4fa0000 - 0x00007ffae5014000 	C:\WINDOWS\System32\WS2_32.dll
0x00007ffae41d0000 - 0x00007ffae422e000 	C:\WINDOWS\SYSTEM32\POWRPROF.dll
0x00007ffadc2d0000 - 0x00007ffadc2db000 	C:\WINDOWS\SYSTEM32\VERSION.dll
0x00007ffad6db0000 - 0x00007ffad6de6000 	C:\WINDOWS\SYSTEM32\WINMM.dll
0x00007ffae41b0000 - 0x00007ffae41c4000 	C:\WINDOWS\SYSTEM32\UMPDC.dll
0x00007ffae3190000 - 0x00007ffae31aa000 	C:\WINDOWS\SYSTEM32\kernel.appcore.dll
0x00007ffa72220000 - 0x00007ffa7222a000 	D:\College courses\Android Studio\Android Studio\jbr\bin\jimage.dll
0x00007ffad40d0000 - 0x00007ffad4311000 	C:\WINDOWS\SYSTEM32\DBGHELP.DLL
0x00007ffae68c0000 - 0x00007ffae6c42000 	C:\WINDOWS\System32\combase.dll
0x00007ffae6600000 - 0x00007ffae66d6000 	C:\WINDOWS\System32\OLEAUT32.dll
0x00007ffaac460000 - 0x00007ffaac499000 	C:\WINDOWS\SYSTEM32\dbgcore.DLL
0x00007ffae45b0000 - 0x00007ffae4649000 	C:\WINDOWS\System32\bcryptPrimitives.dll
0x00007ffa72200000 - 0x00007ffa72220000 	D:\College courses\Android Studio\Android Studio\jbr\bin\java.dll

dbghelp: loaded successfully - version: 4.0.5 - missing functions: none
symbol engine: initialized successfully - sym options: 0x614 - pdb path: .;D:\College courses\Android Studio\Android Studio\jbr\bin;C:\WINDOWS\SYSTEM32;C:\WINDOWS\WinSxS\amd64_microsoft.windows.common-controls_6595b64144ccf1df_6.0.26100.3624_none_3e086962e3345f24;D:\College courses\Android Studio\Android Studio\jbr\bin\server

VM Arguments:
java_command: org.jetbrains.kotlin.cli.jvm.K2JVMCompiler @D:\College courses\Android Studio\BTL_V2\clothing_store_app\app\build\20250411_17127452787854765190.compiler.options
java_class_path (initial): C:\Users\Hasssta\.gradle\caches\modules-2\files-2.1\org.jetbrains.kotlin\kotlin-compiler-embeddable\2.1.0\988bf980588bbbcfa1ba19c1ffd7aa869b335a31\kotlin-compiler-embeddable-2.1.0.jar;C:\Users\Hasssta\.gradle\caches\modules-2\files-2.1\org.jetbrains.kotlin\kotlin-stdlib\2.1.0\85f8b81009cda5890e54ba67d64b5e599c645020\kotlin-stdlib-2.1.0.jar;C:\Users\Hasssta\.gradle\caches\modules-2\files-2.1\org.jetbrains.kotlin\kotlin-script-runtime\2.1.0\5909da8c57b75a117714ab0e348c86101b7a3284\kotlin-script-runtime-2.1.0.jar;C:\Users\Hasssta\.gradle\caches\modules-2\files-2.1\org.jetbrains.kotlin\kotlin-reflect\1.6.10\1cbe9c92c12a94eea200d23c2bbaedaf3daf5132\kotlin-reflect-1.6.10.jar;C:\Users\Hasssta\.gradle\caches\modules-2\files-2.1\org.jetbrains.kotlin\kotlin-daemon-embeddable\2.1.0\420bae1908e4a353f5b56c3c850d24d86367b25d\kotlin-daemon-embeddable-2.1.0.jar;C:\Users\Hasssta\.gradle\caches\modules-2\files-2.1\org.jetbrains.intellij.deps\trove4j\1.0.20200330\3afb14d5f9ceb459d724e907a21145e8ff394f02\trove4j-1.0.20200330.jar;C:\Users\Hasssta\.gradle\caches\modules-2\files-2.1\org.jetbrains.kotlinx\kotlinx-coroutines-core-jvm\1.6.4\2c997cd1c0ef33f3e751d3831929aeff1390cb30\kotlinx-coroutines-core-jvm-1.6.4.jar;C:\Users\Hasssta\.gradle\caches\modules-2\files-2.1\org.jetbrains\annotations\13.0\919f0dfe192fb4e063e7dacadee7f8bb9a2672a9\annotations-13.0.jar
Launcher Type: SUN_STANDARD

[Global flags]
     intx CICompilerCount                          = 12                                        {product} {ergonomic}
     uint ConcGCThreads                            = 3                                         {product} {ergonomic}
     uint G1ConcRefinementThreads                  = 13                                        {product} {ergonomic}
   size_t G1HeapRegionSize                         = 2097152                                   {product} {ergonomic}
    uintx GCDrainStackTargetSize                   = 64                                        {product} {ergonomic}
   size_t InitialHeapSize                          = 255852544                                 {product} {ergonomic}
   size_t MarkStackSize                            = 4194304                                   {product} {ergonomic}
   size_t MaxHeapSize                              = 4091543552                                {product} {ergonomic}
   size_t MinHeapDeltaBytes                        = 2097152                                   {product} {ergonomic}
   size_t MinHeapSize                              = 8388608                                   {product} {ergonomic}
    uintx NonNMethodCodeHeapSize                   = 7602480                                {pd product} {ergonomic}
    uintx NonProfiledCodeHeapSize                  = 122027880                              {pd product} {ergonomic}
    uintx ProfiledCodeHeapSize                     = 122027880                              {pd product} {ergonomic}
    uintx ReservedCodeCacheSize                    = 251658240                              {pd product} {ergonomic}
     bool SegmentedCodeCache                       = true                                      {product} {ergonomic}
   size_t SoftMaxHeapSize                          = 4091543552                             {manageable} {ergonomic}
     bool UseCompressedOops                        = true                           {product lp64_product} {ergonomic}
     bool UseG1GC                                  = true                                      {product} {ergonomic}
     bool UseLargePagesIndividualAllocation        = false                                  {pd product} {ergonomic}

Logging:
Log output configuration:
 #0: stdout all=warning uptime,level,tags foldmultilines=false
 #1: stderr all=off uptime,level,tags foldmultilines=false

Environment Variables:
PATH=C:\Program Files\Common Files\Oracle\Java\javapath;C:\WINDOWS\system32;C:\WINDOWS;C:\WINDOWS\System32\Wbem;C:\WINDOWS\System32\WindowsPowerShell\v1.0\;C:\WINDOWS\System32\OpenSSH\;C:\Program Files\NVIDIA Corporation\NVIDIA NvDLISR;C:\Program Files\dotnet\;D:\App - backup\Git\Git\cmd;C:\Users\Hasssta\AppData\Local\Programs\Python\Python311\Scripts\;C:\Users\Hasssta\AppData\Local\Programs\Python\Python311\;C:\Users\Hasssta\AppData\Local\Microsoft\WindowsApps;C:\Users\Hasssta\AppData\Local\Programs\Microsoft VS Code\bin;D:\College courses\Intellij\IntelliJ IDEA Community Edition 2024.3.4.1\bin;
USERNAME=Hasssta
OS=Windows_NT
PROCESSOR_IDENTIFIER=AMD64 Family 25 Model 68 Stepping 1, AuthenticAMD
TMP=C:\Users\Hasssta\AppData\Local\Temp
TEMP=C:\Users\Hasssta\AppData\Local\Temp




Periodic native trim disabled

JNI global refs:
JNI global refs: 0, weak refs: 0

JNI global refs memory usage: 0, weak refs: 0

Process memory usage:
Resident Set Size: 12996K (0% of 15978008K total physical memory with 1582396K free physical memory)

OOME stack traces (most recent first):
Classloader memory used:

---------------  S Y S T E M  ---------------

OS:
 Windows 11 , 64 bit Build 26100 (10.0.26100.3775)
OS uptime: 0 days 11:46 hours
Hyper-V role detected

CPU: total 16 (initial active 16) (16 cores per cpu, 2 threads per core) family 25 model 68 stepping 1 microcode 0xa40410a, cx8, cmov, fxsr, ht, mmx, 3dnowpref, sse, sse2, sse3, ssse3, sse4a, sse4.1, sse4.2, popcnt, lzcnt, tsc, tscinvbit, avx, avx2, aes, erms, clmul, bmi1, bmi2, adx, sha, fma, vzeroupper, clflush, clflushopt, hv, rdtscp, rdpid, fsrm, f16c, cet_ss
Processor Information for processor 0
  Max Mhz: 3201, Current Mhz: 2566, Mhz Limit: 3201
Processor Information for processor 1
  Max Mhz: 3201, Current Mhz: 3201, Mhz Limit: 3201
Processor Information for processor 2
  Max Mhz: 3201, Current Mhz: 2566, Mhz Limit: 3201
Processor Information for processor 3
  Max Mhz: 3201, Current Mhz: 3201, Mhz Limit: 3201
Processor Information for processor 4
  Max Mhz: 3201, Current Mhz: 3201, Mhz Limit: 3201
Processor Information for processor 5
  Max Mhz: 3201, Current Mhz: 2566, Mhz Limit: 3201
Processor Information for processor 6
  Max Mhz: 3201, Current Mhz: 2566, Mhz Limit: 3201
Processor Information for processor 7
  Max Mhz: 3201, Current Mhz: 3201, Mhz Limit: 3201
Processor Information for processor 8
  Max Mhz: 3201, Current Mhz: 2566, Mhz Limit: 3201
Processor Information for processor 9
  Max Mhz: 3201, Current Mhz: 2566, Mhz Limit: 3201
Processor Information for processor 10
  Max Mhz: 3201, Current Mhz: 2566, Mhz Limit: 3201
Processor Information for processor 11
  Max Mhz: 3201, Current Mhz: 2566, Mhz Limit: 3201
Processor Information for processor 12
  Max Mhz: 3201, Current Mhz: 3201, Mhz Limit: 3201
Processor Information for processor 13
  Max Mhz: 3201, Current Mhz: 2566, Mhz Limit: 3201
Processor Information for processor 14
  Max Mhz: 3201, Current Mhz: 2566, Mhz Limit: 3201
Processor Information for processor 15
  Max Mhz: 3201, Current Mhz: 2566, Mhz Limit: 3201

Memory: 4k page, system-wide physical 15603M (1545M free)
TotalPageFile size 39017M (AvailPageFile size 176M)
current process WorkingSet (physical memory assigned to process): 12M, peak: 12M
current process commit charge ("private bytes"): 70M, peak: 314M

vm_info: OpenJDK 64-Bit Server VM (21.0.5+-12932927-b750.29) for windows-amd64 JRE (21.0.5+-12932927-b750.29), built on 2025-01-17T02:01:10Z by "builder" with MS VC++ 16.10 / 16.11 (VS2019)

END.
